#
# There is insufficient memory for the Java Runtime Environment to continue.
# Native memory allocation (malloc) failed to allocate 32744 bytes for ChunkPool::allocate
# Possible reasons:
#   The system is out of physical RAM or swap space
#   The process is running with CompressedOops enabled, and the Java Heap may be blocking the growth of the native heap
# Possible solutions:
#   Reduce memory load on the system
#   Increase physical memory or swap space
#   Check if swap backing store is full
#   Decrease Java heap size (-Xmx/-Xms)
#   Decrease number of Java threads
#   Decrease Java thread stack sizes (-Xss)
#   Set larger code cache with -XX:ReservedCodeCacheSize=
#   JVM is running with Zero Based Compressed Oops mode in which the Java heap is
#     placed in the first 32GB address space. The Java Heap base address is the
#     maximum limit for the native heap growth. Please use -XX:HeapBaseMinAddress
#     to set the Java Heap base and to place the Java Heap above 32GB virtual address.
# This output file may be truncated or incomplete.
#
#  Out of Memory Error (allocation.cpp:272), pid=37160, tid=0x0000000000006350
#
# JRE version: Java(TM) SE Runtime Environment (8.0_341-b10) (build 1.8.0_341-b10)
# Java VM: Java HotSpot(TM) 64-Bit Server VM (25.341-b10 mixed mode windows-amd64 compressed oops)
# Failed to write core dump. Minidumps are not enabled by default on client versions of Windows
#

---------------  T H R E A D  ---------------

Current thread (0x00000206b5c6c800):  JavaThread "C2 CompilerThread0" daemon [_thread_in_native, id=25424, stack(0x0000003635800000,0x0000003635900000)]

Stack: [0x0000003635800000,0x0000003635900000]
Native frames: (J=compiled Java code, j=interpreted, Vv=VM code, C=native code)
V  [jvm.dll+0x32fa99]
V  [jvm.dll+0x275ff2]
V  [jvm.dll+0x276c9d]
V  [jvm.dll+0x26d645]
V  [jvm.dll+0xd5cdd]
V  [jvm.dll+0xd603c]
V  [jvm.dll+0x4dd4fe]
V  [jvm.dll+0x4ddfab]
V  [jvm.dll+0x44073b]
V  [jvm.dll+0x42bceb]
V  [jvm.dll+0xac68b]
V  [jvm.dll+0xaaceb]
V  [jvm.dll+0x23e542]
V  [jvm.dll+0x292d2c]
C  [ucrtbase.dll+0x26c0c]
C  [KERNEL32.DLL+0x154e0]
C  [ntdll.dll+0x485b]


Current CompileTask:
C2:    259   15       4       sun.misc.ASCIICaseInsensitiveComparator::toLower (16 bytes)


---------------  P R O C E S S  ---------------

Java Threads: ( => current thread )
  0x00000206b5d07800 JavaThread "Service Thread" daemon [_thread_blocked, id=24996, stack(0x0000003635b00000,0x0000003635c00000)]
  0x00000206b5cd0800 JavaThread "C1 CompilerThread2" daemon [_thread_in_native, id=31948, stack(0x0000003635a00000,0x0000003635b00000)]
  0x00000206b5c7a000 JavaThread "C2 CompilerThread1" daemon [_thread_blocked, id=12424, stack(0x0000003635900000,0x0000003635a00000)]
=>0x00000206b5c6c800 JavaThread "C2 CompilerThread0" daemon [_thread_in_native, id=25424, stack(0x0000003635800000,0x0000003635900000)]
  0x00000206b5c1b800 JavaThread "Attach Listener" daemon [_thread_blocked, id=24132, stack(0x0000003635700000,0x0000003635800000)]
  0x00000206b5c1b000 JavaThread "Signal Dispatcher" daemon [_thread_blocked, id=4840, stack(0x0000003635600000,0x0000003635700000)]
  0x00000206b5bf6000 JavaThread "Finalizer" daemon [_thread_blocked, id=39372, stack(0x0000003635500000,0x0000003635600000)]
  0x00000206b5bd4800 JavaThread "Reference Handler" daemon [_thread_blocked, id=26724, stack(0x0000003635400000,0x0000003635500000)]
  0x000002069cfa0000 JavaThread "main" [_thread_in_vm, id=12636, stack(0x0000003634e00000,0x0000003634f00000)]

Other Threads:
  0x00000206b5bd4000 VMThread [stack: 0x0000003635300000,0x0000003635400000] [id=35168]
  0x00000206b5d0f000 WatcherThread [stack: 0x0000003635c00000,0x0000003635d00000] [id=37064]

VM state:not at safepoint (normal execution)

VM Mutex/Monitor currently owned by a thread: None

heap address: 0x0000000701200000, size: 3054 MB, Compressed Oops mode: Zero based, Oop shift amount: 3
Narrow klass base: 0x0000000000000000, Narrow klass shift: 3
Compressed class space size: 1073741824 Address: 0x00000007c0000000

Heap:
 PSYoungGen      total 57344K, used 1966K [0x0000000780600000, 0x0000000784600000, 0x00000007c0000000)
  eden space 49152K, 4% used [0x0000000780600000,0x00000007807eb878,0x0000000783600000)
  from space 8192K, 0% used [0x0000000783e00000,0x0000000783e00000,0x0000000784600000)
  to   space 8192K, 0% used [0x0000000783600000,0x0000000783600000,0x0000000783e00000)
 ParOldGen       total 131072K, used 0K [0x0000000701200000, 0x0000000709200000, 0x0000000780600000)
  object space 131072K, 0% used [0x0000000701200000,0x0000000701200000,0x0000000709200000)
 Metaspace       used 2778K, capacity 4480K, committed 4480K, reserved 1056768K
  class space    used 314K, capacity 384K, committed 384K, reserved 1048576K

Card table byte_map: [0x00000206add60000,0x00000206ae360000] byte_map_base: 0x00000206aa557000

Marking Bits: (ParMarkBitMap*) 0x000000006cb49030
 Begin Bits: [0x00000206ae760000, 0x00000206b1718000)
 End Bits:   [0x00000206b1718000, 0x00000206b46d0000)

Polling page: 0x000002069cf40000

CodeCache: size=245760Kb used=1102Kb max_used=1110Kb free=244657Kb
 bounds [0x000002069e9a0000, 0x000002069ec10000, 0x00000206ad9a0000]
 total_blobs=258 nmethods=17 adapters=155
 compilation: enabled

Compilation events (10 events):
Event: 0.215 Thread 0x00000206b5c7a000   12       4       java.lang.String::length (6 bytes)
Event: 0.216 Thread 0x00000206b5c7a000 nmethod 12 0x000002069eaafa10 code [0x000002069eaafb40, 0x000002069eaafbb8]
Event: 0.216 Thread 0x00000206b5cd0800 nmethod 10 0x000002069eaaf0d0 code [0x000002069eaaf2a0, 0x000002069eaaf780]
Event: 0.216 Thread 0x00000206b5cd0800   11       3       java.util.Arrays::copyOfRange (63 bytes)
Event: 0.217 Thread 0x00000206b5cd0800 nmethod 11 0x000002069eab1d10 code [0x000002069eab1f20, 0x000002069eab2a60]
Event: 0.229 Thread 0x00000206b5cd0800   13       3       java.util.jar.Attributes$Name::isValid (32 bytes)
Event: 0.229 Thread 0x00000206b5c6c800   15       4       sun.misc.ASCIICaseInsensitiveComparator::toLower (16 bytes)
Event: 0.229 Thread 0x00000206b5c7a000   16       4       sun.misc.ASCIICaseInsensitiveComparator::isUpper (18 bytes)
Event: 0.230 Thread 0x00000206b5cd0800 nmethod 13 0x000002069eab0a50 code [0x000002069eab0bc0, 0x000002069eab0e60]
Event: 0.230 Thread 0x00000206b5cd0800   14       3       java.util.jar.Attributes$Name::isAlpha (30 bytes)

GC Heap History (0 events):
No events

Deoptimization events (0 events):
No events

Classes redefined (0 events):
No events

Internal exceptions (2 events):
Event: 0.076 Thread 0x000002069cfa0000 Exception <a 'java/lang/NoSuchMethodError': Method sun.misc.Unsafe.defineClass(Ljava/lang/String;[BII)Ljava/lang/Class; name or signature does not match> (0x0000000780607cc8) thrown at [C:\jenkins\workspace\8-2-build-windows-x64-cygwin\jdk8u341\2692\hotsp
Event: 0.076 Thread 0x000002069cfa0000 Exception <a 'java/lang/NoSuchMethodError': Method sun.misc.Unsafe.prefetchRead(Ljava/lang/Object;J)V name or signature does not match> (0x0000000780607fb0) thrown at [C:\jenkins\workspace\8-2-build-windows-x64-cygwin\jdk8u341\2692\hotspot\src\share\vm\pr

Events (10 events):
Event: 0.227 loading class java/util/jar/JarVerifier$3
Event: 0.227 loading class java/util/jar/JarVerifier$3 done
Event: 0.227 loading class java/io/ByteArrayOutputStream
Event: 0.228 loading class java/io/ByteArrayOutputStream done
Event: 0.228 loading class java/util/jar/Attributes
Event: 0.228 loading class java/util/jar/Attributes done
Event: 0.228 loading class java/util/jar/Manifest$FastInputStream
Event: 0.228 loading class java/util/jar/Manifest$FastInputStream done
Event: 0.228 loading class java/util/jar/Attributes$Name
Event: 0.228 loading class java/util/jar/Attributes$Name done


Dynamic libraries:
0x00007ff783170000 - 0x00007ff7831b7000 	C:\Program Files\Java\jre1.8.0_341\bin\javaw.exe
0x00007ffe0e180000 - 0x00007ffe0e389000 	C:\Windows\SYSTEM32\ntdll.dll
0x00007ffe0c6c0000 - 0x00007ffe0c77d000 	C:\Windows\System32\KERNEL32.DLL
0x00007ffe0b7c0000 - 0x00007ffe0bb34000 	C:\Windows\System32\KERNELBASE.dll
0x00007ffe0dbc0000 - 0x00007ffe0dc6e000 	C:\Windows\System32\ADVAPI32.dll
0x00007ffe0daa0000 - 0x00007ffe0db43000 	C:\Windows\System32\msvcrt.dll
0x00007ffe0e070000 - 0x00007ffe0e10e000 	C:\Windows\System32\sechost.dll
0x00007ffe0c050000 - 0x00007ffe0c170000 	C:\Windows\System32\RPCRT4.dll
0x00007ffe0d380000 - 0x00007ffe0d52c000 	C:\Windows\System32\USER32.dll
0x00007ffe0b670000 - 0x00007ffe0b696000 	C:\Windows\System32\win32u.dll
0x00007ffe0e110000 - 0x00007ffe0e139000 	C:\Windows\System32\GDI32.dll
0x00007ffe0b6a0000 - 0x00007ffe0b7b2000 	C:\Windows\System32\gdi32full.dll
0x00007ffe0bda0000 - 0x00007ffe0be3d000 	C:\Windows\System32\msvcp_win.dll
0x00007ffe0bb40000 - 0x00007ffe0bc51000 	C:\Windows\System32\ucrtbase.dll
0x00007ffdf9b40000 - 0x00007ffdf9de5000 	C:\Windows\WinSxS\amd64_microsoft.windows.common-controls_6595b64144ccf1df_6.0.22000.120_none_9d947278b86cc467\COMCTL32.dll
0x00007ffe0c3a0000 - 0x00007ffe0c3d1000 	C:\Windows\System32\IMM32.DLL
0x00007ffdfe290000 - 0x00007ffdfe2a5000 	C:\Program Files\Java\jre1.8.0_341\bin\vcruntime140.dll
0x00007ffdf66a0000 - 0x00007ffdf673b000 	C:\Program Files\Java\jre1.8.0_341\bin\msvcp140.dll
0x000000006c360000 - 0x000000006cbc1000 	C:\Program Files\Java\jre1.8.0_341\bin\server\jvm.dll
0x00007ffe0d620000 - 0x00007ffe0d628000 	C:\Windows\System32\PSAPI.DLL
0x00007ffdf9620000 - 0x00007ffdf9629000 	C:\Windows\SYSTEM32\WSOCK32.dll
0x00007ffe04fc0000 - 0x00007ffe04ff3000 	C:\Windows\SYSTEM32\WINMM.dll
0x00007ffdffcf0000 - 0x00007ffdffcfa000 	C:\Windows\SYSTEM32\VERSION.dll
0x00007ffe0c170000 - 0x00007ffe0c1df000 	C:\Windows\System32\WS2_32.dll
0x00007ffe0a820000 - 0x00007ffe0a838000 	C:\Windows\SYSTEM32\kernel.appcore.dll
0x00007ffe08b50000 - 0x00007ffe08b60000 	C:\Program Files\Java\jre1.8.0_341\bin\verify.dll
0x00007ffdfad70000 - 0x00007ffdfad9b000 	C:\Program Files\Java\jre1.8.0_341\bin\java.dll
0x00007ffdfe270000 - 0x00007ffdfe288000 	C:\Program Files\Java\jre1.8.0_341\bin\zip.dll
0x00007ffe0ca50000 - 0x00007ffe0d1fe000 	C:\Windows\System32\SHELL32.dll
0x00007ffe097b0000 - 0x00007ffe0a018000 	C:\Windows\SYSTEM32\windows.storage.dll
0x00007ffe0dcf0000 - 0x00007ffe0e068000 	C:\Windows\System32\combase.dll
0x00007ffe09640000 - 0x00007ffe097a6000 	C:\Windows\SYSTEM32\wintypes.dll
0x00007ffe0c860000 - 0x00007ffe0c94a000 	C:\Windows\System32\SHCORE.dll
0x00007ffe0c780000 - 0x00007ffe0c7dd000 	C:\Windows\System32\shlwapi.dll
0x00007ffe0b5a0000 - 0x00007ffe0b5c1000 	C:\Windows\SYSTEM32\profapi.dll
0x00007ffdf4ca0000 - 0x00007ffdf4ec1000 	C:\Windows\SYSTEM32\dbghelp.dll
0x00007ffe0bc60000 - 0x00007ffe0bcdf000 	C:\Windows\System32\bcryptPrimitives.dll

VM Arguments:
java_command: E:\CatVodTVSpider\jar\custom_spider_debug38.jar
java_class_path (initial): E:\CatVodTVSpider\jar\custom_spider_debug38.jar
Launcher Type: SUN_STANDARD

Environment Variables:
JAVA_HOME=D:\software\Java\jdk-11.0.13
PATH=D:\Python39\Scripts\;D:\Python39\;C:\Program Files (x86)\Common Files\Oracle\Java\javapath;C:\Windows\system32;C:\Windows;C:\Windows\System32\Wbem;C:\Windows\System32\WindowsPowerShell\v1.0\;C:\Windows\System32\OpenSSH\;D:\software\Java\jdk-11.0.13\bin;J:\android-sdk-windows\platform-tools;J:\android-sdk-windows\tools;D:\software\ffmpeg-4.4-full_build\bin;C:\Program Files (x86)\NVIDIA Corporation\PhysX\Common;C:\Program Files\NVIDIA Corporation\NVIDIA NvDLISR;D:\software\aria2;D:\software\rclone;D:\software\Git\cmd;D:\software\nodejs\;C:\Program Files\dotnet\;C:\Users\bill\scoop\shims;C:\Users\bill\AppData\Local\Microsoft\WindowsApps;;D:\software\Fiddler;C:\Users\bill\AppData\Roaming\npm
USERNAME=bill
OS=Windows_NT
PROCESSOR_IDENTIFIER=Intel64 Family 6 Model 60 Stepping 3, GenuineIntel



---------------  S Y S T E M  ---------------

OS: Windows 11 , 64 bit Build 22000 (10.0.22000.434)

CPU:total 4 (initial active 4) (2 cores per cpu, 2 threads per core) family 6 model 60 stepping 3, cmov, cx8, fxsr, mmx, sse, sse2, sse3, ssse3, sse4.1, sse4.2, popcnt, avx, avx2, aes, clmul, erms, lzcnt, ht, tsc, tscinvbit, bmi1, bmi2

Memory: 4k page, physical 12504344k(578940k free), swap 28067348k(1140k free)

vm_info: Java HotSpot(TM) 64-Bit Server VM (25.341-b10) for windows-amd64 JRE (1.8.0_341-b10), built on Jun 16 2022 15:51:07 by "java_re" with MS VC++ 15.9 (VS2017)

time: Wed Oct 12 18:06:52 2022
timezone: Intel64 Family 6 Model 60 Stepping 3, GenuineIntel
elapsed time: 0.265463 seconds (0d 0h 0m 0s)

