#
# There is insufficient memory for the Java Runtime Environment to continue.
# Native memory allocation (malloc) failed to allocate 1048576 bytes for AllocateHeap
# Possible reasons:
#   The system is out of physical RAM or swap space
#   The process is running with CompressedOops enabled, and the Java Heap may be blocking the growth of the native heap
# Possible solutions:
#   Reduce memory load on the system
#   Increase physical memory or swap space
#   Check if swap backing store is full
#   Decrease Java heap size (-Xmx/-Xms)
#   Decrease number of Java threads
#   Decrease Java thread stack sizes (-Xss)
#   Set larger code cache with -XX:ReservedCodeCacheSize=
#   JVM is running with Zero Based Compressed Oops mode in which the Java heap is
#     placed in the first 32GB address space. The Java Heap base address is the
#     maximum limit for the native heap growth. Please use -XX:HeapBaseMinAddress
#     to set the Java Heap base and to place the Java Heap above 32GB virtual address.
# This output file may be truncated or incomplete.
#
#  Out of Memory Error (memory/allocation.inline.hpp:61), pid=39340, tid=0x0000000000009560
#
# JRE version:  (8.0_341-b10) (build )
# Java VM: Java HotSpot(TM) 64-Bit Server VM (25.341-b10 mixed mode windows-amd64 compressed oops)
# Failed to write core dump. Minidumps are not enabled by default on client versions of Windows
#

---------------  T H R E A D  ---------------

Current thread (0x0000019e6fc0f800):  JavaThread "Unknown thread" [_thread_in_vm, id=38240, stack(0x0000008520900000,0x0000008520a00000)]

Stack: [0x0000008520900000,0x0000008520a00000]
Native frames: (J=compiled Java code, j=interpreted, Vv=VM code, C=native code)
V  [jvm.dll+0x32fa99]
V  [jvm.dll+0x275ff2]
V  [jvm.dll+0x276c9d]
V  [jvm.dll+0x26d645]
V  [jvm.dll+0x509d]
V  [jvm.dll+0x3cae1c]
V  [jvm.dll+0x3c7187]
V  [jvm.dll+0xfd12f]
V  [jvm.dll+0x20a71b]
V  [jvm.dll+0x239267]
V  [jvm.dll+0x162c56]
C  [javaw.exe+0x2322]
C  [javaw.exe+0x16544]
C  [KERNEL32.DLL+0x154e0]
C  [ntdll.dll+0x485b]


---------------  P R O C E S S  ---------------

Java Threads: ( => current thread )

Other Threads:

=>0x0000019e6fc0f800 (exited) JavaThread "Unknown thread" [_thread_in_vm, id=38240, stack(0x0000008520900000,0x0000008520a00000)]

VM state:not at safepoint (normal execution)

VM Mutex/Monitor currently owned by a thread: None

heap address: 0x0000000701200000, size: 3054 MB, Compressed Oops mode: Zero based, Oop shift amount: 3
Narrow klass base: 0x0000000000000000, Narrow klass shift: 3
Compressed class space size: 1073741824 Address: 0x00000007c0000000

Heap:
 PSYoungGen      total 57344K, used 983K [0x0000000780600000, 0x0000000784600000, 0x00000007c0000000)
  eden space 49152K, 2% used [0x0000000780600000,0x00000007806f5c38,0x0000000783600000)
  from space 8192K, 0% used [0x0000000783e00000,0x0000000783e00000,0x0000000784600000)
  to   space 8192K, 0% used [0x0000000783600000,0x0000000783600000,0x0000000783e00000)
 ParOldGen       total 131072K, used 0K [0x0000000701200000, 0x0000000709200000, 0x0000000780600000)
  object space 131072K, 0% used [0x0000000701200000,0x0000000701200000,0x0000000709200000)
 Metaspace       used 755K, capacity 1092K, committed 1152K, reserved 1060864K
  class space    used 76K, capacity 384K, committed 384K, reserved 1048576K

Card table byte_map: [0x0000019e71870000,0x0000019e71e70000] byte_map_base: 0x0000019e6e067000

Marking Bits: (ParMarkBitMap*) 0x000000006cb49030
 Begin Bits: [0x0000019e72270000, 0x0000019e75228000)
 End Bits:   [0x0000019e75228000, 0x0000019e781e0000)

Polling page: 0x0000019e6fbd0000

CodeCache: size=245760Kb used=329Kb max_used=329Kb free=245430Kb
 bounds [0x0000019e00000000, 0x0000019e00270000, 0x0000019e0f000000]
 total_blobs=58 nmethods=0 adapters=38
 compilation: enabled

Compilation events (0 events):
No events

GC Heap History (0 events):
No events

Deoptimization events (0 events):
No events

Classes redefined (0 events):
No events

Internal exceptions (0 events):
No events

Events (10 events):
Event: 0.051 loading class java/lang/Short
Event: 0.051 loading class java/lang/Short done
Event: 0.051 loading class java/lang/Integer
Event: 0.052 loading class java/lang/Integer done
Event: 0.052 loading class java/lang/Long
Event: 0.052 loading class java/lang/Long done
Event: 0.054 loading class java/lang/NullPointerException
Event: 0.054 loading class java/lang/NullPointerException done
Event: 0.054 loading class java/lang/ArithmeticException
Event: 0.054 loading class java/lang/ArithmeticException done


Dynamic libraries:
0x00007ff783170000 - 0x00007ff7831b7000 	C:\Program Files\Java\jre1.8.0_341\bin\javaw.exe
0x00007ffe0e180000 - 0x00007ffe0e389000 	C:\Windows\SYSTEM32\ntdll.dll
0x00007ffe0c6c0000 - 0x00007ffe0c77d000 	C:\Windows\System32\KERNEL32.DLL
0x00007ffe0b7c0000 - 0x00007ffe0bb34000 	C:\Windows\System32\KERNELBASE.dll
0x00007ffe0dbc0000 - 0x00007ffe0dc6e000 	C:\Windows\System32\ADVAPI32.dll
0x00007ffe0daa0000 - 0x00007ffe0db43000 	C:\Windows\System32\msvcrt.dll
0x00007ffe0e070000 - 0x00007ffe0e10e000 	C:\Windows\System32\sechost.dll
0x00007ffe0c050000 - 0x00007ffe0c170000 	C:\Windows\System32\RPCRT4.dll
0x00007ffe0d380000 - 0x00007ffe0d52c000 	C:\Windows\System32\USER32.dll
0x00007ffe0b670000 - 0x00007ffe0b696000 	C:\Windows\System32\win32u.dll
0x00007ffe0e110000 - 0x00007ffe0e139000 	C:\Windows\System32\GDI32.dll
0x00007ffe0b6a0000 - 0x00007ffe0b7b2000 	C:\Windows\System32\gdi32full.dll
0x00007ffe0bda0000 - 0x00007ffe0be3d000 	C:\Windows\System32\msvcp_win.dll
0x00007ffe0bb40000 - 0x00007ffe0bc51000 	C:\Windows\System32\ucrtbase.dll
0x00007ffdf9b40000 - 0x00007ffdf9de5000 	C:\Windows\WinSxS\amd64_microsoft.windows.common-controls_6595b64144ccf1df_6.0.22000.120_none_9d947278b86cc467\COMCTL32.dll
0x00007ffe0c3a0000 - 0x00007ffe0c3d1000 	C:\Windows\System32\IMM32.DLL
0x00007ffdfe290000 - 0x00007ffdfe2a5000 	C:\Program Files\Java\jre1.8.0_341\bin\vcruntime140.dll
0x00007ffdf66a0000 - 0x00007ffdf673b000 	C:\Program Files\Java\jre1.8.0_341\bin\msvcp140.dll
0x000000006c360000 - 0x000000006cbc1000 	C:\Program Files\Java\jre1.8.0_341\bin\server\jvm.dll
0x00007ffe0d620000 - 0x00007ffe0d628000 	C:\Windows\System32\PSAPI.DLL
0x00007ffdf9620000 - 0x00007ffdf9629000 	C:\Windows\SYSTEM32\WSOCK32.dll
0x00007ffe0c170000 - 0x00007ffe0c1df000 	C:\Windows\System32\WS2_32.dll
0x00007ffe04fc0000 - 0x00007ffe04ff3000 	C:\Windows\SYSTEM32\WINMM.dll
0x00007ffdffcf0000 - 0x00007ffdffcfa000 	C:\Windows\SYSTEM32\VERSION.dll
0x00007ffe0a820000 - 0x00007ffe0a838000 	C:\Windows\SYSTEM32\kernel.appcore.dll
0x00007ffe08b50000 - 0x00007ffe08b60000 	C:\Program Files\Java\jre1.8.0_341\bin\verify.dll
0x00007ffdfad70000 - 0x00007ffdfad9b000 	C:\Program Files\Java\jre1.8.0_341\bin\java.dll
0x00007ffdfe270000 - 0x00007ffdfe288000 	C:\Program Files\Java\jre1.8.0_341\bin\zip.dll
0x00007ffdf4ca0000 - 0x00007ffdf4ec1000 	C:\Windows\SYSTEM32\dbghelp.dll
0x00007ffe0bc60000 - 0x00007ffe0bcdf000 	C:\Windows\System32\bcryptPrimitives.dll

VM Arguments:
java_command: E:\CatVodTVSpider\jar\custom_spider_debug38.jar
java_class_path (initial): E:\CatVodTVSpider\jar\custom_spider_debug38.jar
Launcher Type: SUN_STANDARD

Environment Variables:
JAVA_HOME=D:\software\Java\jdk-11.0.13
PATH=D:\Python39\Scripts\;D:\Python39\;C:\Program Files (x86)\Common Files\Oracle\Java\javapath;C:\Windows\system32;C:\Windows;C:\Windows\System32\Wbem;C:\Windows\System32\WindowsPowerShell\v1.0\;C:\Windows\System32\OpenSSH\;D:\software\Java\jdk-11.0.13\bin;J:\android-sdk-windows\platform-tools;J:\android-sdk-windows\tools;D:\software\ffmpeg-4.4-full_build\bin;C:\Program Files (x86)\NVIDIA Corporation\PhysX\Common;C:\Program Files\NVIDIA Corporation\NVIDIA NvDLISR;D:\software\aria2;D:\software\rclone;D:\software\Git\cmd;D:\software\nodejs\;C:\Program Files\dotnet\;C:\Users\bill\scoop\shims;C:\Users\bill\AppData\Local\Microsoft\WindowsApps;;D:\software\Fiddler;C:\Users\bill\AppData\Roaming\npm
USERNAME=bill
OS=Windows_NT
PROCESSOR_IDENTIFIER=Intel64 Family 6 Model 60 Stepping 3, GenuineIntel



---------------  S Y S T E M  ---------------

OS: Windows 11 , 64 bit Build 22000 (10.0.22000.434)

CPU:total 4 (initial active 4) (2 cores per cpu, 2 threads per core) family 6 model 60 stepping 3, cmov, cx8, fxsr, mmx, sse, sse2, sse3, ssse3, sse4.1, sse4.2, popcnt, avx, avx2, aes, clmul, erms, lzcnt, ht, tsc, tscinvbit, bmi1, bmi2

Memory: 4k page, physical 12504344k(533780k free), swap 28067348k(333380k free)

vm_info: Java HotSpot(TM) 64-Bit Server VM (25.341-b10) for windows-amd64 JRE (1.8.0_341-b10), built on Jun 16 2022 15:51:07 by "java_re" with MS VC++ 15.9 (VS2017)

time: Wed Oct 12 18:07:08 2022
timezone: Intel64 Family 6 Model 60 Stepping 3, GenuineIntel
elapsed time: 0.143805 seconds (0d 0h 0m 0s)

