#
# There is insufficient memory for the Java Runtime Environment to continue.
# Native memory allocation (malloc) failed to allocate 2023296 bytes for Chunk::new
# Possible reasons:
#   The system is out of physical RAM or swap space
#   The process is running with CompressedOops enabled, and the Java Heap may be blocking the growth of the native heap
# Possible solutions:
#   Reduce memory load on the system
#   Increase physical memory or swap space
#   Check if swap backing store is full
#   Decrease Java heap size (-Xmx/-Xms)
#   Decrease number of Java threads
#   Decrease Java thread stack sizes (-Xss)
#   Set larger code cache with -XX:ReservedCodeCacheSize=
#   JVM is running with Unscaled Compressed Oops mode in which the Java heap is
#     placed in the first 4GB address space. The Java Heap base address is the
#     maximum limit for the native heap growth. Please use -XX:HeapBaseMinAddress
#     to set the Java Heap base and to place the Java Heap above 4GB virtual address.
# This output file may be truncated or incomplete.
#
#  Out of Memory Error (allocation.cpp:389), pid=8592, tid=0x0000000000001434
#
# JRE version: Java(TM) SE Runtime Environment (8.0_301-b09) (build 1.8.0_301-b09)
# Java VM: Java HotSpot(TM) 64-Bit Server VM (25.301-b09 mixed mode windows-amd64 compressed oops)
# Failed to write core dump. Minidumps are not enabled by default on client versions of Windows
#

---------------  T H R E A D  ---------------

Current thread (0x000001e5ff989000):  JavaThread "C2 CompilerThread1" daemon [_thread_in_native, id=5172, stack(0x000000ca0e800000,0x000000ca0e900000)]

Stack: [0x000000ca0e800000,0x000000ca0e900000]
Native frames: (J=compiled Java code, j=interpreted, Vv=VM code, C=native code)
V  [jvm.dll+0x32ed79]
V  [jvm.dll+0x275722]
V  [jvm.dll+0x2763cd]
V  [jvm.dll+0x26ce05]
V  [jvm.dll+0xd551c]
V  [jvm.dll+0xd5d1c]
V  [jvm.dll+0x470195]
V  [jvm.dll+0x437e08]
V  [jvm.dll+0x440c55]
V  [jvm.dll+0x440015]
V  [jvm.dll+0x42ae57]
V  [jvm.dll+0xac1bb]
V  [jvm.dll+0xaa81b]
V  [jvm.dll+0x23ddc2]
V  [jvm.dll+0x2923dc]
C  [ucrtbase.dll+0x26c0c]
C  [KERNEL32.DLL+0x154e0]
C  [ntdll.dll+0x485b]


Current CompileTask:
C2: 153027 2195       4       org.json.JSONTokener::nextValue (157 bytes)


---------------  P R O C E S S  ---------------

Java Threads: ( => current thread )
  0x000001e580aaa800 JavaThread "OkHttp api.upyunso.com Writer" [_thread_blocked, id=22024, stack(0x000000ca0f500000,0x000000ca0f600000)]
  0x000001e580aa9000 JavaThread "OkHttp api.upyunso.com" [_thread_in_native, id=9552, stack(0x000000ca0d700000,0x000000ca0d800000)]
  0x000001e580aa4800 JavaThread "OkHttp Http2Connection" daemon [_thread_blocked, id=8892, stack(0x000000ca0f400000,0x000000ca0f500000)]
  0x000001e580aa7800 JavaThread "Okio Watchdog" daemon [_thread_blocked, id=17332, stack(0x000000ca0f200000,0x000000ca0f300000)]
  0x000001e580aaa000 JavaThread "OkHttp api.aliyundrive.com Writer" [_thread_blocked, id=13384, stack(0x000000ca0d800000,0x000000ca0d900000)]
  0x000001e580aa7000 JavaThread "OkHttp api.aliyundrive.com" [_thread_in_native, id=18636, stack(0x000000ca0d600000,0x000000ca0d700000)]
  0x000001e5809ed000 JavaThread "OkHttp mao.guibiaoguo.ml Writer" [_thread_blocked, id=14128, stack(0x000000ca0f300000,0x000000ca0f400000)]
  0x000001e5809e9000 JavaThread "OkHttp ConnectionPool" daemon [_thread_blocked, id=10000, stack(0x000000ca0f100000,0x000000ca0f200000)]
  0x000001e580a23800 JavaThread "OkHttp mao.guibiaoguo.ml" [_thread_in_native, id=16272, stack(0x000000ca0f000000,0x000000ca0f100000)]
  0x000001e5804a4000 JavaThread "/127.0.0.1:54535 to /127.0.0.1:54532 workers Thread 3" [_thread_in_native, id=15940, stack(0x000000ca0ef00000,0x000000ca0f000000)]
  0x000001e58038a800 JavaThread "/127.0.0.1:54535 to /127.0.0.1:54532 workers Thread 2" [_thread_blocked, id=6920, stack(0x000000ca0ee00000,0x000000ca0ef00000)]
  0x000001e5805a7000 JavaThread "Test worker" [_thread_blocked, id=14644, stack(0x000000ca0ed00000,0x000000ca0ee00000)]
  0x000001e5ff9bc800 JavaThread "Service Thread" daemon [_thread_blocked, id=16148, stack(0x000000ca0ea00000,0x000000ca0eb00000)]
  0x000001e5ff98c000 JavaThread "C1 CompilerThread2" daemon [_thread_blocked, id=10372, stack(0x000000ca0e900000,0x000000ca0ea00000)]
=>0x000001e5ff989000 JavaThread "C2 CompilerThread1" daemon [_thread_in_native, id=5172, stack(0x000000ca0e800000,0x000000ca0e900000)]
  0x000001e5ff981800 JavaThread "C2 CompilerThread0" daemon [_thread_blocked, id=22472, stack(0x000000ca0e700000,0x000000ca0e800000)]
  0x000001e5ff963000 JavaThread "Coroutines Debugger Cleaner" daemon [_thread_blocked, id=1592, stack(0x000000ca0e600000,0x000000ca0e700000)]
  0x000001e5fed9d000 JavaThread "JDWP Command Reader" daemon [_thread_in_native, id=13452, stack(0x000000ca0e500000,0x000000ca0e600000)]
  0x000001e5fed9b800 JavaThread "JDWP Event Helper Thread" daemon [_thread_blocked, id=18652, stack(0x000000ca0e400000,0x000000ca0e500000)]
  0x000001e5fed87800 JavaThread "JDWP Transport Listener: dt_socket" daemon [_thread_blocked, id=20520, stack(0x000000ca0e300000,0x000000ca0e400000)]
  0x000001e5fed74000 JavaThread "Attach Listener" daemon [_thread_blocked, id=6796, stack(0x000000ca0e200000,0x000000ca0e300000)]
  0x000001e5fed73800 JavaThread "Signal Dispatcher" daemon [_thread_blocked, id=12680, stack(0x000000ca0e100000,0x000000ca0e200000)]
  0x000001e5fe58a800 JavaThread "Finalizer" daemon [_thread_blocked, id=19244, stack(0x000000ca0e000000,0x000000ca0e100000)]
  0x000001e5fe589800 JavaThread "Reference Handler" daemon [_thread_blocked, id=19344, stack(0x000000ca0df00000,0x000000ca0e000000)]
  0x000001e5ebc17800 JavaThread "main" [_thread_blocked, id=2172, stack(0x000000ca0d900000,0x000000ca0da00000)]

Other Threads:
  0x000001e5feca5800 VMThread [stack: 0x000000ca0de00000,0x000000ca0df00000] [id=19392]
  0x000001e5ffa55800 WatcherThread [stack: 0x000000ca0eb00000,0x000000ca0ec00000] [id=21680]

VM state:not at safepoint (normal execution)

VM Mutex/Monitor currently owned by a thread: None

heap address: 0x00000000e0000000, size: 512 MB, Compressed Oops mode: 32-bit
Narrow klass base: 0x0000000000000000, Narrow klass shift: 3
Compressed class space size: 1073741824 Address: 0x0000000100000000

Heap:
 PSYoungGen      total 56832K, used 10774K [0x00000000f5580000, 0x00000000fc500000, 0x0000000100000000)
  eden space 49152K, 7% used [0x00000000f5580000,0x00000000f58e24e0,0x00000000f8580000)
  from space 7680K, 95% used [0x00000000fbd80000,0x00000000fc4a33c8,0x00000000fc500000)
  to   space 8192K, 0% used [0x00000000fb500000,0x00000000fb500000,0x00000000fbd00000)
 ParOldGen       total 131072K, used 32K [0x00000000e0000000, 0x00000000e8000000, 0x00000000f5580000)
  object space 131072K, 0% used [0x00000000e0000000,0x00000000e0008000,0x00000000e8000000)
 Metaspace       used 17861K, capacity 18134K, committed 18560K, reserved 1064960K
  class space    used 2069K, capacity 2149K, committed 2176K, reserved 1048576K

Card table byte_map: [0x000001e5fc9d0000,0x000001e5fcae0000] byte_map_base: 0x000001e5fc2d0000

Marking Bits: (ParMarkBitMap*) 0x0000000065297fe0
 Begin Bits: [0x000001e5fcb90000, 0x000001e5fd390000)
 End Bits:   [0x000001e5fd390000, 0x000001e5fdb90000)

Polling page: 0x000001e5ebdb0000

CodeCache: size=245760Kb used=7019Kb max_used=7032Kb free=238740Kb
 bounds [0x000001e5ed610000, 0x000001e5edd10000, 0x000001e5fc610000]
 total_blobs=2389 nmethods=1973 adapters=336
 compilation: enabled

Compilation events (10 events):
Event: 152.402 Thread 0x000001e5ff98c000 nmethod 2261 0x000001e5edb3b510 code [0x000001e5edb3b760, 0x000001e5edb3c400]
Event: 152.404 Thread 0x000001e5ff981800 nmethod 2260 0x000001e5ed8fe550 code [0x000001e5ed8fe6a0, 0x000001e5ed8fea18]
Event: 152.404 Thread 0x000001e5ff98c000 2262       3       org.gradle.internal.io.StreamByteBuffer$StreamByteBufferChunk::bytesUnread (10 bytes)
Event: 152.405 Thread 0x000001e5ff98c000 nmethod 2262 0x000001e5edb3b1d0 code [0x000001e5edb3b320, 0x000001e5edb3b478]
Event: 152.405 Thread 0x000001e5ff98c000 2263       3       com.github.catvod.parser.RuleData::putVariable (27 bytes)
Event: 152.405 Thread 0x000001e5ff98c000 nmethod 2263 0x000001e5edbaa2d0 code [0x000001e5edbaa4a0, 0x000001e5edbaac80]
Event: 152.768 Thread 0x000001e5ff98c000 2264       3       java.util.Formatter$FixedString::<init> (15 bytes)
Event: 152.768 Thread 0x000001e5ff98c000 nmethod 2264 0x000001e5edbd6e10 code [0x000001e5edbd6f60, 0x000001e5edbd7138]
Event: 152.768 Thread 0x000001e5ff98c000 2265       3       java.util.Formatter$FixedString::print (18 bytes)
Event: 152.768 Thread 0x000001e5ff98c000 nmethod 2265 0x000001e5edb3fb50 code [0x000001e5edb3fcc0, 0x000001e5edb3ff10]

GC Heap History (4 events):
Event: 4.480 GC heap before
{Heap before GC invocations=1 (full 0):
 PSYoungGen      total 57344K, used 49152K [0x00000000f5580000, 0x00000000f9580000, 0x0000000100000000)
  eden space 49152K, 100% used [0x00000000f5580000,0x00000000f8580000,0x00000000f8580000)
  from space 8192K, 0% used [0x00000000f8d80000,0x00000000f8d80000,0x00000000f9580000)
  to   space 8192K, 0% used [0x00000000f8580000,0x00000000f8580000,0x00000000f8d80000)
 ParOldGen       total 131072K, used 0K [0x00000000e0000000, 0x00000000e8000000, 0x00000000f5580000)
  object space 131072K, 0% used [0x00000000e0000000,0x00000000e0000000,0x00000000e8000000)
 Metaspace       used 14222K, capacity 14564K, committed 14848K, reserved 1062912K
  class space    used 1658K, capacity 1792K, committed 1792K, reserved 1048576K
Event: 4.552 GC heap after
Heap after GC invocations=1 (full 0):
 PSYoungGen      total 57344K, used 8169K [0x00000000f5580000, 0x00000000fc580000, 0x0000000100000000)
  eden space 49152K, 0% used [0x00000000f5580000,0x00000000f5580000,0x00000000f8580000)
  from space 8192K, 99% used [0x00000000f8580000,0x00000000f8d7a440,0x00000000f8d80000)
  to   space 8192K, 0% used [0x00000000fbd80000,0x00000000fbd80000,0x00000000fc580000)
 ParOldGen       total 131072K, used 24K [0x00000000e0000000, 0x00000000e8000000, 0x00000000f5580000)
  object space 131072K, 0% used [0x00000000e0000000,0x00000000e0006000,0x00000000e8000000)
 Metaspace       used 14222K, capacity 14564K, committed 14848K, reserved 1062912K
  class space    used 1658K, capacity 1792K, committed 1792K, reserved 1048576K
}
Event: 152.301 GC heap before
{Heap before GC invocations=2 (full 0):
 PSYoungGen      total 57344K, used 57321K [0x00000000f5580000, 0x00000000fc580000, 0x0000000100000000)
  eden space 49152K, 100% used [0x00000000f5580000,0x00000000f8580000,0x00000000f8580000)
  from space 8192K, 99% used [0x00000000f8580000,0x00000000f8d7a440,0x00000000f8d80000)
  to   space 8192K, 0% used [0x00000000fbd80000,0x00000000fbd80000,0x00000000fc580000)
 ParOldGen       total 131072K, used 24K [0x00000000e0000000, 0x00000000e8000000, 0x00000000f5580000)
  object space 131072K, 0% used [0x00000000e0000000,0x00000000e0006000,0x00000000e8000000)
 Metaspace       used 17831K, capacity 18134K, committed 18560K, reserved 1064960K
  class space    used 2069K, capacity 2149K, committed 2176K, reserved 1048576K
Event: 152.361 GC heap after
Heap after GC invocations=2 (full 0):
 PSYoungGen      total 56832K, used 7308K [0x00000000f5580000, 0x00000000fc500000, 0x0000000100000000)
  eden space 49152K, 0% used [0x00000000f5580000,0x00000000f5580000,0x00000000f8580000)
  from space 7680K, 95% used [0x00000000fbd80000,0x00000000fc4a33c8,0x00000000fc500000)
  to   space 8192K, 0% used [0x00000000fb500000,0x00000000fb500000,0x00000000fbd00000)
 ParOldGen       total 131072K, used 32K [0x00000000e0000000, 0x00000000e8000000, 0x00000000f5580000)
  object space 131072K, 0% used [0x00000000e0000000,0x00000000e0008000,0x00000000e8000000)
 Metaspace       used 17831K, capacity 18134K, committed 18560K, reserved 1064960K
  class space    used 2069K, capacity 2149K, committed 2176K, reserved 1048576K
}

Deoptimization events (10 events):
Event: 142.481 Thread 0x000001e5805a7000 Uncommon trap: reason=bimorphic action=maybe_recompile pc=0x000001e5edb6ab74 method=java.util.regex.Pattern$CharProperty.match(Ljava/util/regex/Matcher;ILjava/lang/CharSequence;)Z @ 37
Event: 142.917 Thread 0x000001e5805a7000 Uncommon trap: reason=unstable_if action=reinterpret pc=0x000001e5edc0e20c method=java.util.BitSet.get(I)Z @ 45
Event: 143.722 Thread 0x000001e5805a7000 Uncommon trap: reason=unstable_if action=reinterpret pc=0x000001e5edb3e328 method=java.io.StringReader.read()I @ 19
Event: 151.558 Thread 0x000001e5805a7000 Uncommon trap: reason=unstable_if action=reinterpret pc=0x000001e5edab49a8 method=java.lang.CharacterData.of(I)Ljava/lang/CharacterData; @ 4
Event: 152.035 Thread 0x000001e580aa9000 Uncommon trap: reason=unstable_if action=reinterpret pc=0x000001e5ed9af674 method=com.sun.crypto.provider.CounterMode.increment([B)V @ 18
Event: 152.035 Thread 0x000001e580aa9000 Uncommon trap: reason=unstable_if action=reinterpret pc=0x000001e5edb27e7c method=com.sun.crypto.provider.CounterMode.increment([B)V @ 18
Event: 152.038 Thread 0x000001e5805a7000 Uncommon trap: reason=unstable_if action=reinterpret pc=0x000001e5ed7d2b28 method=okio.Buffer.writableSegment(I)Lokio/Segment; @ 72
Event: 152.055 Thread 0x000001e5805a7000 Uncommon trap: reason=unstable_if action=reinterpret pc=0x000001e5edc4ee10 method=sun.nio.cs.UTF_8$Decoder.decode([BII[C)I @ 90
Event: 152.365 Thread 0x000001e5fe58a800 Uncommon trap: reason=unstable_if action=reinterpret pc=0x000001e5eda1e568 method=java.util.HashMap$HashIterator.<init>(Ljava/util/HashMap;)V @ 45
Event: 152.400 Thread 0x000001e5805a7000 Uncommon trap: reason=unstable_if action=reinterpret pc=0x000001e5edc8672c method=org.gradle.internal.io.StreamByteBuffer.allocateSpace()I @ 9

Classes redefined (0 events):
No events

Internal exceptions (10 events):
Event: 1.167 Thread 0x000001e5ebc17800 Exception <a 'java/lang/NoSuchMethodError': <clinit>> (0x00000000f6320798) thrown at [C:\jenkins\workspace\8-2-build-windows-amd64-cygwin\jdk8u301\1513\hotspot\src\share\vm\prims\jni.cpp, line 1615]
Event: 1.170 Thread 0x000001e5ebc17800 Exception <a 'java/lang/NoSuchMethodError': <clinit>> (0x00000000f632a9c0) thrown at [C:\jenkins\workspace\8-2-build-windows-amd64-cygwin\jdk8u301\1513\hotspot\src\share\vm\prims\jni.cpp, line 1615]
Event: 1.172 Thread 0x000001e5ebc17800 Exception <a 'java/lang/NoSuchMethodError': <clinit>> (0x00000000f6333bc8) thrown at [C:\jenkins\workspace\8-2-build-windows-amd64-cygwin\jdk8u301\1513\hotspot\src\share\vm\prims\jni.cpp, line 1615]
Event: 1.277 Thread 0x000001e5ebc17800 Exception <a 'java/lang/ArrayIndexOutOfBoundsException'> (0x00000000f656a9f0) thrown at [C:\jenkins\workspace\8-2-build-windows-amd64-cygwin\jdk8u301\1513\hotspot\src\share\vm\runtime\sharedRuntime.cpp, line 609]
Event: 1.278 Thread 0x000001e5ebc17800 Exception <a 'java/lang/ArrayIndexOutOfBoundsException'> (0x00000000f656c0a8) thrown at [C:\jenkins\workspace\8-2-build-windows-amd64-cygwin\jdk8u301\1513\hotspot\src\share\vm\runtime\sharedRuntime.cpp, line 609]
Event: 7.549 Thread 0x000001e5805a7000 Exception <a 'java/lang/NoClassDefFoundError': org/slf4j/impl/StaticLoggerBinder> (0x00000000f61ede50) thrown at [C:\jenkins\workspace\8-2-build-windows-amd64-cygwin\jdk8u301\1513\hotspot\src\share\vm\classfile\systemDictionary.cpp, line 201]
Event: 130.071 Thread 0x000001e5805a7000 Exception <a 'java/net/ConnectException': Connection refused: connect> (0x00000000f6838938) thrown at [C:\jenkins\workspace\8-2-build-windows-amd64-cygwin\jdk8u301\1513\hotspot\src\share\vm\prims\jni.cpp, line 737]
Event: 132.280 Thread 0x000001e5805a7000 Exception <a 'java/net/ConnectException': Connection refused: connect> (0x00000000f683e3b8) thrown at [C:\jenkins\workspace\8-2-build-windows-amd64-cygwin\jdk8u301\1513\hotspot\src\share\vm\prims\jni.cpp, line 737]
Event: 138.170 Thread 0x000001e5805a7000 Exception <a 'java/net/ConnectException': Connection refused: connect> (0x00000000f6d8cfd0) thrown at [C:\jenkins\workspace\8-2-build-windows-amd64-cygwin\jdk8u301\1513\hotspot\src\share\vm\prims\jni.cpp, line 737]
Event: 140.210 Thread 0x000001e5805a7000 Exception <a 'java/net/ConnectException': Connection refused: connect> (0x00000000f6d8f498) thrown at [C:\jenkins\workspace\8-2-build-windows-amd64-cygwin\jdk8u301\1513\hotspot\src\share\vm\prims\jni.cpp, line 737]

Events (10 events):
Event: 152.400 Thread 0x000001e5805a7000 DEOPT PACKING pc=0x000001e5edc8672c sp=0x000000ca0edfc930
Event: 152.400 Thread 0x000001e5805a7000 DEOPT UNPACKING pc=0x000001e5ed655843 sp=0x000000ca0edfc828 mode 2
Event: 152.768 Thread 0x000001e5805a7000 DEOPT PACKING pc=0x000001e5edd0a84c sp=0x000000ca0edfc2b0
Event: 152.768 Thread 0x000001e5805a7000 DEOPT UNPACKING pc=0x000001e5ed657898 sp=0x000000ca0edfc110 mode 1
Event: 152.769 Thread 0x000001e5805a7000 DEOPT PACKING pc=0x000001e5ed9483a4 sp=0x000000ca0edfc460
Event: 152.769 Thread 0x000001e5805a7000 DEOPT UNPACKING pc=0x000001e5ed657898 sp=0x000000ca0edfc1f8 mode 1
Event: 152.769 Thread 0x000001e5805a7000 DEOPT PACKING pc=0x000001e5edae1afc sp=0x000000ca0edfc5d0
Event: 152.769 Thread 0x000001e5805a7000 DEOPT UNPACKING pc=0x000001e5ed657898 sp=0x000000ca0edfc330 mode 1
Event: 152.769 Thread 0x000001e5805a7000 DEOPT PACKING pc=0x000001e5ed93f344 sp=0x000000ca0edfc700
Event: 152.769 Thread 0x000001e5805a7000 DEOPT UNPACKING pc=0x000001e5ed657898 sp=0x000000ca0edfc520 mode 1


Dynamic libraries:
0x00007ff757990000 - 0x00007ff7579d7000 	D:\software\Java\jdk1.8.0_301\bin\java.exe
0x00007ffb77020000 - 0x00007ffb77229000 	C:\Windows\SYSTEM32\ntdll.dll
0x00007ffb75190000 - 0x00007ffb7524d000 	C:\Windows\System32\KERNEL32.DLL
0x00007ffb74510000 - 0x00007ffb74884000 	C:\Windows\System32\KERNELBASE.dll
0x00007ffb75a80000 - 0x00007ffb75b2e000 	C:\Windows\System32\ADVAPI32.dll
0x00007ffb759d0000 - 0x00007ffb75a73000 	C:\Windows\System32\msvcrt.dll
0x00007ffb750d0000 - 0x00007ffb7516e000 	C:\Windows\System32\sechost.dll
0x00007ffb76240000 - 0x00007ffb76360000 	C:\Windows\System32\RPCRT4.dll
0x00007ffb765b0000 - 0x00007ffb7675c000 	C:\Windows\System32\USER32.dll
0x00007ffb74e90000 - 0x00007ffb74eb6000 	C:\Windows\System32\win32u.dll
0x00007ffb76360000 - 0x00007ffb76389000 	C:\Windows\System32\GDI32.dll
0x00007ffb74cf0000 - 0x00007ffb74e02000 	C:\Windows\System32\gdi32full.dll
0x00007ffb74a70000 - 0x00007ffb74b0d000 	C:\Windows\System32\msvcp_win.dll
0x00007ffb74bd0000 - 0x00007ffb74ce1000 	C:\Windows\System32\ucrtbase.dll
0x00007ffb605f0000 - 0x00007ffb60895000 	C:\Windows\WinSxS\amd64_microsoft.windows.common-controls_6595b64144ccf1df_6.0.22000.120_none_9d947278b86cc467\COMCTL32.dll
0x00007ffb76fa0000 - 0x00007ffb76fd1000 	C:\Windows\System32\IMM32.DLL
0x00007ffb70900000 - 0x00007ffb70915000 	D:\software\Java\jdk1.8.0_301\jre\bin\vcruntime140.dll
0x00007ffb51280000 - 0x00007ffb5131b000 	D:\software\Java\jdk1.8.0_301\jre\bin\msvcp140.dll
0x0000000064ab0000 - 0x0000000065310000 	D:\software\Java\jdk1.8.0_301\jre\bin\server\jvm.dll
0x00007ffb761d0000 - 0x00007ffb761d8000 	C:\Windows\System32\PSAPI.DLL
0x00007ffb67150000 - 0x00007ffb67159000 	C:\Windows\SYSTEM32\WSOCK32.dll
0x00007ffb753f0000 - 0x00007ffb7545f000 	C:\Windows\System32\WS2_32.dll
0x00007ffb6e7c0000 - 0x00007ffb6e7f3000 	C:\Windows\SYSTEM32\WINMM.dll
0x00007ffb69f70000 - 0x00007ffb69f7a000 	C:\Windows\SYSTEM32\VERSION.dll
0x00007ffb736c0000 - 0x00007ffb736d8000 	C:\Windows\SYSTEM32\kernel.appcore.dll
0x00007ffb71a00000 - 0x00007ffb71a10000 	D:\software\Java\jdk1.8.0_301\jre\bin\verify.dll
0x00007ffb61ff0000 - 0x00007ffb6201b000 	D:\software\Java\jdk1.8.0_301\jre\bin\java.dll
0x00007ffb61fb0000 - 0x00007ffb61fe6000 	D:\software\Java\jdk1.8.0_301\jre\bin\jdwp.dll
0x00007ffb6f130000 - 0x00007ffb6f139000 	D:\software\Java\jdk1.8.0_301\jre\bin\npt.dll
0x00007ffb61f80000 - 0x00007ffb61fb0000 	D:\software\Java\jdk1.8.0_301\jre\bin\instrument.dll
0x00007ffb6e970000 - 0x00007ffb6e988000 	D:\software\Java\jdk1.8.0_301\jre\bin\zip.dll
0x00007ffb76760000 - 0x00007ffb76f0e000 	C:\Windows\System32\SHELL32.dll
0x00007ffb72650000 - 0x00007ffb72eb8000 	C:\Windows\SYSTEM32\windows.storage.dll
0x00007ffb75650000 - 0x00007ffb759c8000 	C:\Windows\System32\combase.dll
0x00007ffb724e0000 - 0x00007ffb72646000 	C:\Windows\SYSTEM32\wintypes.dll
0x00007ffb74ec0000 - 0x00007ffb74faa000 	C:\Windows\System32\SHCORE.dll
0x00007ffb76550000 - 0x00007ffb765ad000 	C:\Windows\System32\shlwapi.dll
0x00007ffb74440000 - 0x00007ffb74461000 	C:\Windows\SYSTEM32\profapi.dll
0x00007ffb6cab0000 - 0x00007ffb6caba000 	D:\software\Java\jdk1.8.0_301\jre\bin\dt_socket.dll
0x00007ffb73ae0000 - 0x00007ffb73b47000 	C:\Windows\system32\mswsock.dll
0x00007ffb6cd40000 - 0x00007ffb6cd5c000 	D:\software\Java\jdk1.8.0_301\jre\bin\net.dll
0x00007ffb5e2b0000 - 0x00007ffb5e2c3000 	D:\software\Java\jdk1.8.0_301\jre\bin\nio.dll
0x00007ffb73db0000 - 0x00007ffb73dc8000 	C:\Windows\SYSTEM32\CRYPTSP.dll
0x00007ffb73620000 - 0x00007ffb73655000 	C:\Windows\system32\rsaenh.dll
0x00007ffb73b80000 - 0x00007ffb73ba9000 	C:\Windows\SYSTEM32\USERENV.dll
0x00007ffb73ef0000 - 0x00007ffb73f17000 	C:\Windows\SYSTEM32\bcrypt.dll
0x00007ffb74e10000 - 0x00007ffb74e8f000 	C:\Windows\System32\bcryptprimitives.dll
0x00007ffb73cd0000 - 0x00007ffb73cdc000 	C:\Windows\SYSTEM32\CRYPTBASE.dll
0x00007ffb731f0000 - 0x00007ffb7321d000 	C:\Windows\SYSTEM32\IPHLPAPI.DLL
0x00007ffb75b30000 - 0x00007ffb75b39000 	C:\Windows\System32\NSI.dll
0x00007ffb6e800000 - 0x00007ffb6e819000 	C:\Windows\SYSTEM32\dhcpcsvc6.DLL
0x00007ffb6f070000 - 0x00007ffb6f08e000 	C:\Windows\SYSTEM32\dhcpcsvc.DLL
0x00007ffb73220000 - 0x00007ffb73307000 	C:\Windows\SYSTEM32\DNSAPI.dll
0x00007ffb56c60000 - 0x00007ffb56c84000 	D:\software\Java\jdk1.8.0_301\jre\bin\sunec.dll
0x00007ffb62300000 - 0x00007ffb6230d000 	D:\software\Java\jdk1.8.0_301\jre\bin\sunmscapi.dll
0x00007ffb74890000 - 0x00007ffb749f2000 	C:\Windows\System32\CRYPT32.dll
0x00007ffb73ec0000 - 0x00007ffb73ee8000 	C:\Windows\SYSTEM32\ncrypt.dll
0x00007ffb73e80000 - 0x00007ffb73eb7000 	C:\Windows\SYSTEM32\NTASN1.dll
0x00007ffb686a0000 - 0x00007ffb686aa000 	C:\Windows\System32\rasadhlp.dll
0x00007ffb6b500000 - 0x00007ffb6b581000 	C:\Windows\System32\fwpuclnt.dll
0x00007ffb5fb30000 - 0x00007ffb5fd51000 	C:\Windows\SYSTEM32\dbghelp.dll

VM Arguments:
jvm_args: -Djava.awt.headless=true -Djava.security.manager=worker.org.gradle.process.internal.worker.child.BootstrapSecurityManager -Dorg.gradle.native=false -agentlib:jdwp=transport=dt_socket,server=n,suspend=y,address=127.0.0.1:54530 -javaagent:C:\Users\bill\.gradle\caches\modules-2\files-2.1\org.jetbrains.kotlinx\kotlinx-coroutines-core-jvm\1.4.2\4b9c6b2de7cabfb2c9ad7a5c709b1ddb7bbfd2ad\kotlinx-coroutines-core-jvm-1.4.2.jar -Xmx512m -Dfile.encoding=UTF-8 -Duser.country=CN -Duser.language=zh -Duser.variant -ea 
java_command: worker.org.gradle.process.internal.worker.GradleWorkerMain 'Gradle Test Executor 16'
java_class_path (initial): C:\Users\bill\.gradle\caches\6.7.1\workerMain\gradle-worker.jar;C:\Users\bill\.gradle\caches\modules-2\files-2.1\org.jetbrains.kotlinx\kotlinx-coroutines-core-jvm\1.4.2\4b9c6b2de7cabfb2c9ad7a5c709b1ddb7bbfd2ad\kotlinx-coroutines-core-jvm-1.4.2.jar
Launcher Type: SUN_STANDARD

Environment Variables:
JAVA_HOME=D:\software\Java\jdk-11.0.13
PATH=D:\Python39\Scripts\;D:\Python39\;C:\Program Files (x86)\Common Files\Oracle\Java\javapath;C:\Windows\system32;C:\Windows;C:\Windows\System32\Wbem;C:\Windows\System32\WindowsPowerShell\v1.0\;C:\Windows\System32\OpenSSH\;D:\software\Java\jdk-11.0.13\bin;J:\android-sdk-windows\platform-tools;J:\android-sdk-windows\tools;D:\software\ffmpeg-4.4-full_build\bin;C:\Program Files (x86)\NVIDIA Corporation\PhysX\Common;C:\Program Files\NVIDIA Corporation\NVIDIA NvDLISR;D:\software\aria2;D:\software\rclone;D:\software\Git\cmd;D:\software\nodejs\;C:\Program Files\dotnet\;C:\Users\bill\scoop\shims;C:\Users\bill\AppData\Local\Microsoft\WindowsApps;;D:\software\Fiddler;C:\Users\bill\AppData\Roaming\npm
USERNAME=bill
OS=Windows_NT
PROCESSOR_IDENTIFIER=Intel64 Family 6 Model 60 Stepping 3, GenuineIntel



---------------  S Y S T E M  ---------------

OS: Windows 10.0 , 64 bit Build 22000 (10.0.22000.434)

CPU:total 4 (initial active 4) (2 cores per cpu, 2 threads per core) family 6 model 60 stepping 3, cmov, cx8, fxsr, mmx, sse, sse2, sse3, ssse3, sse4.1, sse4.2, popcnt, avx, avx2, aes, clmul, erms, lzcnt, ht, tsc, tscinvbit, bmi1, bmi2

Memory: 4k page, physical 12504344k(3355180k free), swap 28067348k(19280k free)

vm_info: Java HotSpot(TM) 64-Bit Server VM (25.301-b09) for windows-amd64 JRE (1.8.0_301-b09), built on Jun  9 2021 06:46:21 by "java_re" with MS VC++ 15.9 (VS2017)

time: Wed Oct 26 01:47:55 2022
timezone: 中国标准时间
elapsed time: 153.069328 seconds (0d 0h 2m 33s)

